
Info: IndexAllocator: [INIT] Initialized simple index allocator with max_index=100
0 s | HostSystem_Profiler: Bandwidth profiler initialized with reporting period 100 ms
HostSystem: Configured with TrafficGenerator and IndexAllocator
  IndexAllocator max_index: 100
0 s | SystemLatency: Latency profiler initialized with reporting period 500 ms
Starting simulation...
0 s | TrafficGenerator: Starting with pattern=0, template=0
0 s | TrafficGenerator: Sent WRITE, cmd: WRITE, addr: ec4, data: 2206, databyte: 64, index: 0
1 ns | TrafficGenerator: Sent WRITE, cmd: WRITE, addr: 0, data: 474, databyte: 64, index: 0
2 ns | TrafficGenerator: Sent READ, cmd: READ, addr: ffb2, data: 0, databyte: 64, index: 0
3 ns | TrafficGenerator: Sent READ, cmd: READ, addr: 40, data: 0, databyte: 64, index: 0
4 ns | TrafficGenerator: Sent READ, cmd: READ, addr: 80, data: 0, databyte: 64, index: 0
5 ns | TrafficGenerator: Sent READ, cmd: READ, addr: c0, data: 0, databyte: 64, index: 0
6 ns | TrafficGenerator: Sent WRITE, cmd: WRITE, addr: d5cc, data: 1070, databyte: 64, index: 0
7 ns | TrafficGenerator: Sent WRITE, cmd: WRITE, addr: b0b1, data: 2776, databyte: 64, index: 0
8 ns | TrafficGenerator: Sent READ, cmd: READ, addr: 100, data: 0, databyte: 64, index: 0
9 ns | TrafficGenerator: Sent READ, cmd: READ, addr: 140, data: 0, databyte: 64, index: 0
10 ns | TrafficGenerator: Sent READ, cmd: READ, addr: 180, data: 0, databyte: 64, index: 0
11 ns | TrafficGenerator: Sent WRITE, cmd: WRITE, addr: 1c0, data: 364, databyte: 64, index: 0
12 ns | TrafficGenerator: Sent READ, cmd: READ, addr: 200, data: 0, databyte: 64, index: 0
20 ns | TrafficGenerator: Sent READ, cmd: READ, addr: 240, data: 0, databyte: 64, index: 0
30 ns | TrafficGenerator: Sent READ, cmd: READ, addr: 280, data: 0, databyte: 64, index: 0
115804 ps | TrafficGenerator: Sent READ, cmd: READ, addr: 28c6, data: 0, databyte: 64, index: 0
224176 ps | TrafficGenerator: Sent READ, cmd: READ, addr: 2c0, data: 0, databyte: 64, index: 0
333146 ps | TrafficGenerator: Sent READ, cmd: READ, addr: b999, data: 0, databyte: 64, index: 0
456004 ps | TrafficGenerator: Sent READ, cmd: READ, addr: 300, data: 0, databyte: 64, index: 0
559552 ps | TrafficGenerator: Sent WRITE, cmd: WRITE, addr: 340, data: 171, databyte: 64, index: 0
669859 ps | TrafficGenerator: Sent READ, cmd: READ, addr: 380, data: 0, databyte: 64, index: 0
786042 ps | TrafficGenerator: Sent READ, cmd: READ, addr: 3c0, data: 0, databyte: 64, index: 0
895365 ps | TrafficGenerator: Sent WRITE, cmd: WRITE, addr: 400, data: 1104, databyte: 64, index: 0
1011089 ps | TrafficGenerator: Sent READ, cmd: READ, addr: 4ab3, data: 0, databyte: 64, index: 0
1094914 ps | TrafficGenerator: Sent WRITE, cmd: WRITE, addr: ffb7, data: 534, databyte: 64, index: 0
1212186 ps | TrafficGenerator: Sent WRITE, cmd: WRITE, addr: 440, data: 2066, databyte: 64, index: 0
1309174 ps | TrafficGenerator: Sent WRITE, cmd: WRITE, addr: 480, data: 1571, databyte: 64, index: 0
1407527 ps | TrafficGenerator: Sent WRITE, cmd: WRITE, addr: 99f3, data: 2770, databyte: 64, index: 0
1472464 ps | TrafficGenerator: Sent READ, cmd: READ, addr: 4c0, data: 0, databyte: 64, index: 0
1579149 ps | TrafficGenerator: Sent WRITE, cmd: WRITE, addr: 500, data: 4014, databyte: 64, index: 0
1677277 ps | TrafficGenerator: Sent READ, cmd: READ, addr: 540, data: 0, databyte: 64, index: 0
1785047 ps | TrafficGenerator: Sent READ, cmd: READ, addr: 580, data: 0, databyte: 64, index: 0
1871414 ps | TrafficGenerator: Sent WRITE, cmd: WRITE, addr: 5c0, data: 2927, databyte: 64, index: 0
1968717 ps | TrafficGenerator: Sent READ, cmd: READ, addr: 600, data: 0, databyte: 64, index: 0
2065489 ps | TrafficGenerator: Sent WRITE, cmd: WRITE, addr: 640, data: 2206, databyte: 64, index: 0
2150626 ps | TrafficGenerator: Sent READ, cmd: READ, addr: 680, data: 0, databyte: 64, index: 0
2239973 ps | TrafficGenerator: Sent READ, cmd: READ, addr: 6c0, data: 0, databyte: 64, index: 0
2341414 ps | TrafficGenerator: Sent READ, cmd: READ, addr: 700, data: 0, databyte: 64, index: 0
2430641 ps | TrafficGenerator: Sent READ, cmd: READ, addr: 740, data: 0, databyte: 64, index: 0
2520204 ps | TrafficGenerator: Sent WRITE, cmd: WRITE, addr: da0c, data: 900, databyte: 64, index: 0
2635581 ps | TrafficGenerator: Sent READ, cmd: READ, addr: 780, data: 0, databyte: 64, index: 0
2721526 ps | TrafficGenerator: Sent WRITE, cmd: WRITE, addr: 7c0, data: 3173, databyte: 64, index: 0
2806408 ps | TrafficGenerator: Sent WRITE, cmd: WRITE, addr: 7373, data: 81, databyte: 64, index: 0
2924272 ps | TrafficGenerator: Sent READ, cmd: READ, addr: 800, data: 0, databyte: 64, index: 0
3014626 ps | TrafficGenerator: Sent READ, cmd: READ, addr: c1d5, data: 0, databyte: 64, index: 0
3136980 ps | TrafficGenerator: Sent READ, cmd: READ, addr: 840, data: 0, databyte: 64, index: 0
3225113 ps | TrafficGenerator: Sent READ, cmd: READ, addr: 880, data: 0, databyte: 64, index: 0
3322983 ps | TrafficGenerator: Sent WRITE, cmd: WRITE, addr: 8c0, data: 2340, databyte: 64, index: 0
3396004 ps | TrafficGenerator: Sent WRITE, cmd: WRITE, addr: 900, data: 1036, databyte: 64, index: 0
3490913 ps | TrafficGenerator: Sent READ, cmd: READ, addr: 940, data: 0, databyte: 64, index: 0
3594660 ps | TrafficGenerator: Sent READ, cmd: READ, addr: 980, data: 0, databyte: 64, index: 0
3716899 ps | TrafficGenerator: Sent WRITE, cmd: WRITE, addr: 9c0, data: 919, databyte: 64, index: 0
3805134 ps | TrafficGenerator: Sent WRITE, cmd: WRITE, addr: a00, data: 2208, databyte: 64, index: 0
3946609 ps | TrafficGenerator: Sent READ, cmd: READ, addr: dc70, data: 0, databyte: 64, index: 0
4051236 ps | TrafficGenerator: Sent WRITE, cmd: WRITE, addr: 59d8, data: 2408, databyte: 64, index: 0
4143362 ps | TrafficGenerator: Sent READ, cmd: READ, addr: a40, data: 0, databyte: 64, index: 0
4226207 ps | TrafficGenerator: Sent READ, cmd: READ, addr: b846, data: 0, databyte: 64, index: 0
4314374 ps | TrafficGenerator: Sent WRITE, cmd: WRITE, addr: a80, data: 3773, databyte: 64, index: 0
4380148 ps | TrafficGenerator: Sent WRITE, cmd: WRITE, addr: ac0, data: 2847, databyte: 64, index: 0
4461029 ps | TrafficGenerator: Sent READ, cmd: READ, addr: 9951, data: 0, databyte: 64, index: 0
4572003 ps | TrafficGenerator: Sent WRITE, cmd: WRITE, addr: b00, data: 321, databyte: 64, index: 0
4661163 ps | TrafficGenerator: Sent READ, cmd: READ, addr: b40, data: 0, databyte: 64, index: 0
4744197 ps | TrafficGenerator: Sent READ, cmd: READ, addr: b80, data: 0, databyte: 64, index: 0
4833173 ps | TrafficGenerator: Sent READ, cmd: READ, addr: bc0, data: 0, databyte: 64, index: 0
4941784 ps | TrafficGenerator: Sent READ, cmd: READ, addr: c00, data: 0, databyte: 64, index: 0
5007424 ps | TrafficGenerator: Sent READ, cmd: READ, addr: c40, data: 0, databyte: 64, index: 0
5103227 ps | TrafficGenerator: Sent WRITE, cmd: WRITE, addr: c80, data: 1550, databyte: 64, index: 0
5197513 ps | TrafficGenerator: Sent READ, cmd: READ, addr: cc0, data: 0, databyte: 64, index: 0
5308226 ps | TrafficGenerator: Sent WRITE, cmd: WRITE, addr: adc3, data: 72, databyte: 64, index: 0
5417129 ps | TrafficGenerator: Sent WRITE, cmd: WRITE, addr: b4dd, data: 4, databyte: 64, index: 0
5547212 ps | TrafficGenerator: Sent WRITE, cmd: WRITE, addr: fba9, data: 27, databyte: 64, index: 0
5664803 ps | TrafficGenerator: Sent READ, cmd: READ, addr: d00, data: 0, databyte: 64, index: 0
5795197 ps | TrafficGenerator: Sent READ, cmd: READ, addr: d40, data: 0, databyte: 64, index: 0
5908461 ps | TrafficGenerator: Sent WRITE, cmd: WRITE, addr: d80, data: 590, databyte: 64, index: 0
6026815 ps | TrafficGenerator: Sent WRITE, cmd: WRITE, addr: f21b, data: 308, databyte: 64, index: 0
6133340 ps | TrafficGenerator: Sent READ, cmd: READ, addr: dc0, data: 0, databyte: 64, index: 0
6220748 ps | TrafficGenerator: Sent READ, cmd: READ, addr: e00, data: 0, databyte: 64, index: 0
6316103 ps | TrafficGenerator: Sent READ, cmd: READ, addr: e40, data: 0, databyte: 64, index: 0
6398421 ps | TrafficGenerator: Sent WRITE, cmd: WRITE, addr: d9fe, data: 771, databyte: 64, index: 0
6500004 ps | TrafficGenerator: Sent WRITE, cmd: WRITE, addr: e80, data: 232, databyte: 64, index: 0
6635546 ps | TrafficGenerator: Sent READ, cmd: READ, addr: 406b, data: 0, databyte: 64, index: 0
6732203 ps | TrafficGenerator: Sent WRITE, cmd: WRITE, addr: ec0, data: 3097, databyte: 64, index: 0
6828327 ps | TrafficGenerator: Sent READ, cmd: READ, addr: f00, data: 0, databyte: 64, index: 0
6931869 ps | TrafficGenerator: Sent READ, cmd: READ, addr: eb05, data: 0, databyte: 64, index: 0
7029871 ps | TrafficGenerator: Sent WRITE, cmd: WRITE, addr: f40, data: 756, databyte: 64, index: 0
7134051 ps | TrafficGenerator: Sent READ, cmd: READ, addr: a1c9, data: 0, databyte: 64, index: 0
7219852 ps | TrafficGenerator: Sent WRITE, cmd: WRITE, addr: f80, data: 3992, databyte: 64, index: 0
7295924 ps | TrafficGenerator: Sent WRITE, cmd: WRITE, addr: fc0, data: 668, databyte: 64, index: 0
7403399 ps | TrafficGenerator: Sent READ, cmd: READ, addr: 1000, data: 0, databyte: 64, index: 0
7503443 ps | TrafficGenerator: Sent READ, cmd: READ, addr: 1040, data: 0, databyte: 64, index: 0
7631951 ps | TrafficGenerator: Sent READ, cmd: READ, addr: 1080, data: 0, databyte: 64, index: 0
7715651 ps | TrafficGenerator: Sent WRITE, cmd: WRITE, addr: 10c0, data: 1242, databyte: 64, index: 0
7798417 ps | TrafficGenerator: Sent READ, cmd: READ, addr: 1100, data: 0, databyte: 64, index: 0
7896293 ps | TrafficGenerator: Sent WRITE, cmd: WRITE, addr: 1140, data: 202, databyte: 64, index: 0
8005139 ps | TrafficGenerator: Sent WRITE, cmd: WRITE, addr: 1180, data: 1863, databyte: 64, index: 0
8088686 ps | TrafficGenerator: Sent READ, cmd: READ, addr: 11c0, data: 0, databyte: 64, index: 0
8193186 ps | TrafficGenerator: Sent READ, cmd: READ, addr: 1200, data: 0, databyte: 64, index: 0
8277128 ps | TrafficGenerator: Sent READ, cmd: READ, addr: 1240, data: 0, databyte: 64, index: 0
8389491 ps | TrafficGenerator: Sent WRITE, cmd: WRITE, addr: 1280, data: 3671, databyte: 64, index: 0
8465377 ps | TrafficGenerator: Sent WRITE, cmd: WRITE, addr: 12c0, data: 3489, databyte: 64, index: 0

Info: /OSCI/SystemC: Simulation stopped by user.

============================================================
8466377 ps | SystemLatency LATENCY REPORT
============================================================
  Period responses: 84
  Period avg latency: 683.6 ns
  Period min latency: 125.8 ns
  Period max latency: 839.3 ns
  Period median latency: 694.0 ns
  Period 95th percentile: 797.6 ns
  Period 99th percentile: 835.8 ns
  Period std deviation: 105.8 ns
  Overall avg latency: 683.6 ns
  Total requests: 92
  Total responses: 84
  Pending requests: 8
============================================================

============================================================
8466377 ps | HostSystem_Profiler FINAL THROUGHPUT REPORT
============================================================
  Total simulation time: 8466377 ps
  Total bytes transferred: 6080
  Total packets processed: 95
  Average throughput: 718134805.48 bytes/sec
  Average throughput: 684.87 MB/sec
  Average packet rate: 11220856.34 packets/sec
============================================================
TrafficGenerator Statistics:
  Total transactions: 100
  Sent transactions: 100
  Completed transactions: 84
  Completion rate: 0.8400
  Generation complete: true
Simulation finished.
Performance Metrics:
Total transactions: 100
Simulation time: 1 ms (0.0010 seconds)
Sim Speed: 100000 CPS
