
Info: IndexAllocator: [INIT] Initialized simple index allocator with max_index=100
0 s | HostSystem_Profiler: Bandwidth profiler initialized with reporting period 100 ms
HostSystem: Configured with TrafficGenerator and IndexAllocator
  IndexAllocator max_index: 100
0 s | SystemLatency: Latency profiler initialized with reporting period 500 ms
Starting simulation...
0 s | TrafficGenerator: Starting with pattern=0, template=0
0 s | TrafficGenerator: Sent READ, cmd: READ, addr: 0, data: 0, databyte: 64, index: 0
1 ns | TrafficGenerator: Sent READ, cmd: READ, addr: 40, data: 0, databyte: 64, index: 0
2 ns | TrafficGenerator: Sent READ, cmd: READ, addr: 4d31, data: 0, databyte: 64, index: 0
3 ns | TrafficGenerator: Sent WRITE, cmd: WRITE, addr: 80, data: 2781, databyte: 64, index: 0
4 ns | TrafficGenerator: Sent READ, cmd: READ, addr: c0, data: 0, databyte: 64, index: 0
5 ns | TrafficGenerator: Sent READ, cmd: READ, addr: 100, data: 0, databyte: 64, index: 0
6 ns | TrafficGenerator: Sent READ, cmd: READ, addr: 140, data: 0, databyte: 64, index: 0
7 ns | TrafficGenerator: Sent WRITE, cmd: WRITE, addr: c8dd, data: 569, databyte: 64, index: 0
8 ns | TrafficGenerator: Sent READ, cmd: READ, addr: 2a00, data: 0, databyte: 64, index: 0
9 ns | TrafficGenerator: Sent READ, cmd: READ, addr: 6af4, data: 0, databyte: 64, index: 0
10 ns | TrafficGenerator: Sent READ, cmd: READ, addr: c2f1, data: 0, databyte: 64, index: 0
11 ns | TrafficGenerator: Sent READ, cmd: READ, addr: 180, data: 0, databyte: 64, index: 0
12 ns | TrafficGenerator: Sent WRITE, cmd: WRITE, addr: 1c0, data: 2820, databyte: 64, index: 0
20 ns | TrafficGenerator: Sent READ, cmd: READ, addr: 200, data: 0, databyte: 64, index: 0
30 ns | TrafficGenerator: Sent READ, cmd: READ, addr: 3eb2, data: 0, databyte: 64, index: 0
120028 ps | TrafficGenerator: Sent READ, cmd: READ, addr: 240, data: 0, databyte: 64, index: 0
234050 ps | TrafficGenerator: Sent READ, cmd: READ, addr: 261b, data: 0, databyte: 64, index: 0
310815 ps | TrafficGenerator: Sent READ, cmd: READ, addr: aea6, data: 0, databyte: 64, index: 0
421330 ps | TrafficGenerator: Sent WRITE, cmd: WRITE, addr: 280, data: 141, databyte: 64, index: 0
531509 ps | TrafficGenerator: Sent WRITE, cmd: WRITE, addr: ba40, data: 4063, databyte: 64, index: 0
618825 ps | TrafficGenerator: Sent READ, cmd: READ, addr: 2c0, data: 0, databyte: 64, index: 0
723445 ps | TrafficGenerator: Sent READ, cmd: READ, addr: 300, data: 0, databyte: 64, index: 0
809173 ps | TrafficGenerator: Sent WRITE, cmd: WRITE, addr: 340, data: 2817, databyte: 64, index: 0
913972 ps | TrafficGenerator: Sent READ, cmd: READ, addr: 380, data: 0, databyte: 64, index: 0
1027490 ps | TrafficGenerator: Sent WRITE, cmd: WRITE, addr: 78f4, data: 512, databyte: 64, index: 0
1150161 ps | TrafficGenerator: Sent READ, cmd: READ, addr: 3c0, data: 0, databyte: 64, index: 0
1239657 ps | TrafficGenerator: Sent READ, cmd: READ, addr: 400, data: 0, databyte: 64, index: 0
1352164 ps | TrafficGenerator: Sent READ, cmd: READ, addr: 440, data: 0, databyte: 64, index: 0
1436732 ps | TrafficGenerator: Sent READ, cmd: READ, addr: 480, data: 0, databyte: 64, index: 0
1537059 ps | TrafficGenerator: Sent READ, cmd: READ, addr: 889f, data: 0, databyte: 64, index: 0
1636083 ps | TrafficGenerator: Sent READ, cmd: READ, addr: 5b6a, data: 0, databyte: 64, index: 0
1776990 ps | TrafficGenerator: Sent READ, cmd: READ, addr: 4c0, data: 0, databyte: 64, index: 0
1901187 ps | TrafficGenerator: Sent READ, cmd: READ, addr: 500, data: 0, databyte: 64, index: 0
2005080 ps | TrafficGenerator: Sent READ, cmd: READ, addr: 540, data: 0, databyte: 64, index: 0
2113746 ps | TrafficGenerator: Sent WRITE, cmd: WRITE, addr: 580, data: 3616, databyte: 64, index: 0
2215358 ps | TrafficGenerator: Sent READ, cmd: READ, addr: 5c0, data: 0, databyte: 64, index: 0
2344619 ps | TrafficGenerator: Sent WRITE, cmd: WRITE, addr: 3813, data: 200, databyte: 64, index: 0
2446632 ps | TrafficGenerator: Sent READ, cmd: READ, addr: 600, data: 0, databyte: 64, index: 0
2574771 ps | TrafficGenerator: Sent READ, cmd: READ, addr: 640, data: 0, databyte: 64, index: 0
2636204 ps | TrafficGenerator: Sent WRITE, cmd: WRITE, addr: 680, data: 1202, databyte: 64, index: 0
2749256 ps | TrafficGenerator: Sent READ, cmd: READ, addr: 6c0, data: 0, databyte: 64, index: 0
2832522 ps | TrafficGenerator: Sent READ, cmd: READ, addr: 700, data: 0, databyte: 64, index: 0
2956277 ps | TrafficGenerator: Sent READ, cmd: READ, addr: 740, data: 0, databyte: 64, index: 0
3088446 ps | TrafficGenerator: Sent WRITE, cmd: WRITE, addr: 780, data: 906, databyte: 64, index: 0
3174686 ps | TrafficGenerator: Sent READ, cmd: READ, addr: 9592, data: 0, databyte: 64, index: 0
3278666 ps | TrafficGenerator: Sent WRITE, cmd: WRITE, addr: c731, data: 3233, databyte: 64, index: 0
3356645 ps | TrafficGenerator: Sent WRITE, cmd: WRITE, addr: 7c0, data: 70, databyte: 64, index: 0
3448389 ps | TrafficGenerator: Sent READ, cmd: READ, addr: 800, data: 0, databyte: 64, index: 0
3566089 ps | TrafficGenerator: Sent READ, cmd: READ, addr: 840, data: 0, databyte: 64, index: 0
3662487 ps | TrafficGenerator: Sent READ, cmd: READ, addr: 880, data: 0, databyte: 64, index: 0
3785290 ps | TrafficGenerator: Sent WRITE, cmd: WRITE, addr: 6743, data: 866, databyte: 64, index: 0
3891680 ps | TrafficGenerator: Sent WRITE, cmd: WRITE, addr: 7c, data: 3357, databyte: 64, index: 0
4006912 ps | TrafficGenerator: Sent READ, cmd: READ, addr: fdd3, data: 0, databyte: 64, index: 0
4112466 ps | TrafficGenerator: Sent READ, cmd: READ, addr: 8c0, data: 0, databyte: 64, index: 0
4200109 ps | TrafficGenerator: Sent READ, cmd: READ, addr: 33d4, data: 0, databyte: 64, index: 0
4289274 ps | TrafficGenerator: Sent READ, cmd: READ, addr: 71cb, data: 0, databyte: 64, index: 0
4401837 ps | TrafficGenerator: Sent WRITE, cmd: WRITE, addr: 900, data: 2648, databyte: 64, index: 0
4518698 ps | TrafficGenerator: Sent WRITE, cmd: WRITE, addr: dda1, data: 100, databyte: 64, index: 0
4629312 ps | TrafficGenerator: Sent READ, cmd: READ, addr: 940, data: 0, databyte: 64, index: 0
4705627 ps | TrafficGenerator: Sent READ, cmd: READ, addr: 980, data: 0, databyte: 64, index: 0
4808581 ps | TrafficGenerator: Sent READ, cmd: READ, addr: 1c94, data: 0, databyte: 64, index: 0
4913735 ps | TrafficGenerator: Sent WRITE, cmd: WRITE, addr: 9c0, data: 425, databyte: 64, index: 0
5012806 ps | TrafficGenerator: Sent WRITE, cmd: WRITE, addr: a00, data: 605, databyte: 64, index: 0
5116099 ps | TrafficGenerator: Sent READ, cmd: READ, addr: a40, data: 0, databyte: 64, index: 0
5226913 ps | TrafficGenerator: Sent READ, cmd: READ, addr: 20cf, data: 0, databyte: 64, index: 0
5309481 ps | TrafficGenerator: Sent READ, cmd: READ, addr: a80, data: 0, databyte: 64, index: 0
5404130 ps | TrafficGenerator: Sent READ, cmd: READ, addr: 2d33, data: 0, databyte: 64, index: 0
5480296 ps | TrafficGenerator: Sent WRITE, cmd: WRITE, addr: ac0, data: 2720, databyte: 64, index: 0
5559829 ps | TrafficGenerator: Sent READ, cmd: READ, addr: b00, data: 0, databyte: 64, index: 0
5672307 ps | TrafficGenerator: Sent READ, cmd: READ, addr: b40, data: 0, databyte: 64, index: 0
5793558 ps | TrafficGenerator: Sent READ, cmd: READ, addr: 79c8, data: 0, databyte: 64, index: 0
5918442 ps | TrafficGenerator: Sent READ, cmd: READ, addr: b80, data: 0, databyte: 64, index: 0
6023340 ps | TrafficGenerator: Sent READ, cmd: READ, addr: 71d1, data: 0, databyte: 64, index: 0
6103255 ps | TrafficGenerator: Sent READ, cmd: READ, addr: de19, data: 0, databyte: 64, index: 0
6225905 ps | TrafficGenerator: Sent READ, cmd: READ, addr: bc0, data: 0, databyte: 64, index: 0
6302324 ps | TrafficGenerator: Sent READ, cmd: READ, addr: 82f4, data: 0, databyte: 64, index: 0
6398806 ps | TrafficGenerator: Sent READ, cmd: READ, addr: c00, data: 0, databyte: 64, index: 0
6493166 ps | TrafficGenerator: Sent READ, cmd: READ, addr: c40, data: 0, databyte: 64, index: 0
6588575 ps | TrafficGenerator: Sent WRITE, cmd: WRITE, addr: c80, data: 1623, databyte: 64, index: 0
6698195 ps | TrafficGenerator: Sent READ, cmd: READ, addr: 527b, data: 0, databyte: 64, index: 0
6808682 ps | TrafficGenerator: Sent WRITE, cmd: WRITE, addr: cc0, data: 3690, databyte: 64, index: 0
6916877 ps | TrafficGenerator: Sent WRITE, cmd: WRITE, addr: d00, data: 3455, databyte: 64, index: 0
7014057 ps | TrafficGenerator: Sent WRITE, cmd: WRITE, addr: d40, data: 2072, databyte: 64, index: 0
7108960 ps | TrafficGenerator: Sent WRITE, cmd: WRITE, addr: d80, data: 3309, databyte: 64, index: 0
7205520 ps | TrafficGenerator: Sent READ, cmd: READ, addr: dc0, data: 0, databyte: 64, index: 0
7297202 ps | TrafficGenerator: Sent READ, cmd: READ, addr: e00, data: 0, databyte: 64, index: 0
7434042 ps | TrafficGenerator: Sent WRITE, cmd: WRITE, addr: e40, data: 3910, databyte: 64, index: 0
7553150 ps | TrafficGenerator: Sent WRITE, cmd: WRITE, addr: f3ee, data: 781, databyte: 64, index: 0
7630286 ps | TrafficGenerator: Sent READ, cmd: READ, addr: e80, data: 0, databyte: 64, index: 0
7743014 ps | TrafficGenerator: Sent WRITE, cmd: WRITE, addr: ec0, data: 3607, databyte: 64, index: 0
7831198 ps | TrafficGenerator: Sent WRITE, cmd: WRITE, addr: f00, data: 1766, databyte: 64, index: 0
7916773 ps | TrafficGenerator: Sent READ, cmd: READ, addr: 5f0b, data: 0, databyte: 64, index: 0
8002657 ps | TrafficGenerator: Sent READ, cmd: READ, addr: 21c3, data: 0, databyte: 64, index: 0
8116438 ps | TrafficGenerator: Sent WRITE, cmd: WRITE, addr: fa24, data: 181, databyte: 64, index: 0
8217624 ps | TrafficGenerator: Sent WRITE, cmd: WRITE, addr: f40, data: 1353, databyte: 64, index: 0
8339387 ps | TrafficGenerator: Sent READ, cmd: READ, addr: f80, data: 0, databyte: 64, index: 0
8451585 ps | TrafficGenerator: Sent WRITE, cmd: WRITE, addr: fc0, data: 1860, databyte: 64, index: 0
8540996 ps | TrafficGenerator: Sent READ, cmd: READ, addr: 1000, data: 0, databyte: 64, index: 0
8648809 ps | TrafficGenerator: Sent READ, cmd: READ, addr: 2ff2, data: 0, databyte: 64, index: 0
8740644 ps | TrafficGenerator: Sent WRITE, cmd: WRITE, addr: a4f3, data: 653, databyte: 64, index: 0

Info: /OSCI/SystemC: Simulation stopped by user.

============================================================
8741644 ps | SystemLatency LATENCY REPORT
============================================================
  Period responses: 84
  Period avg latency: 703.5 ns
  Period min latency: 130.0 ns
  Period max latency: 820.5 ns
  Period median latency: 723.3 ns
  Period 95th percentile: 774.8 ns
  Period 99th percentile: 818.1 ns
  Period std deviation: 105.6 ns
  Overall avg latency: 703.5 ns
  Total requests: 92
  Total responses: 84
  Pending requests: 8
============================================================

============================================================
8741644 ps | HostSystem_Profiler FINAL THROUGHPUT REPORT
============================================================
  Total simulation time: 8741644 ps
  Total bytes transferred: 6080
  Total packets processed: 95
  Average throughput: 695521345.87 bytes/sec
  Average throughput: 663.30 MB/sec
  Average packet rate: 10867521.03 packets/sec
============================================================
Simulation finished.
Performance Metrics:
Total transactions: (configured in TrafficGenerator)
Simulation time: 0 ms (0.00 seconds)
Sim Speed: -2147483648 CPS
