
Info: IndexAllocator: [INIT] Initialized simple index allocator with max_index=100
0 s | HostSystem_Profiler: Bandwidth profiler initialized with reporting period 100 ms
HostSystem: Configured with TrafficGenerator and IndexAllocator
  IndexAllocator max_index: 100
0 s | SystemLatency: Latency profiler initialized with reporting period 500 ms
Starting simulation...

============================================================
100 ms | HostSystem_Profiler THROUGHPUT REPORT
============================================================
  Period: 100 ms
  Bytes transferred: 63985984
  Packets processed: 999781
  Throughput: 639859840.00 bytes/sec
  Throughput: 610.22 MB/sec
  Packet rate: 9997810.00 packets/sec
  Total bytes: 63985984
  Total packets: 999781
============================================================

Info: /OSCI/SystemC: Simulation stopped by user.

============================================================
100021124058 ps | SystemLatency LATENCY REPORT
============================================================
  Period responses: 999984
  Period avg latency: 710.2 ns
  Period min latency: 102.7 ns
  Period max latency: 911.8 ns
  Period median latency: 710.2 ns
  Period 95th percentile: 782.5 ns
  Period 99th percentile: 812.1 ns
  Period std deviation: 44.0 ns
  Overall avg latency: 710.2 ns
  Total requests: 999992
  Total responses: 999984
  Pending requests: 8
============================================================

============================================================
100021124058 ps | HostSystem_Profiler FINAL THROUGHPUT REPORT
============================================================
  Total simulation time: 100021124058 ps
  Total bytes transferred: 63999680
  Total packets processed: 999995
  Average throughput: 639861635.26 bytes/sec
  Average throughput: 610.22 MB/sec
  Average packet rate: 9997838.05 packets/sec
============================================================
Simulation finished.
Performance Metrics:
Total transactions: (configured in TrafficGenerator)
Simulation time: 4221 ms (4.22 seconds)
Sim Speed: 23691 CPS
